/*C2*/SET SCHEMA PUBLIC
DISCONNECT
/*C28*/SET SCHEMA PUBLIC
create table o_Build (o_id bigint not null, o_cancellerName varchar(255), o_commitHash varchar(255) not null, o_errorMessage varchar(12000), o_finishDate timestamp, o_finishDay integer, o_jobName varchar(255) not null, o_jobWorkspace varchar(255), o_number bigint not null, o_pendingDate timestamp, o_refName varchar(255) not null, o_retryDate timestamp, o_runningDate timestamp, o_status integer not null, o_submitDate timestamp not null, o_submitReason varchar(1000) not null, o_submitterName varchar(255), o_version varchar(255), o_canceller_id bigint, o_numberScope_id bigint not null, o_project_id bigint not null, o_request_id bigint, o_submitter_id bigint, primary key (o_id))
create table o_BuildDependence (o_id bigint not null, o_artifacts varchar(255), o_requireSuccessful boolean not null, o_dependency_id bigint not null, o_dependent_id bigint not null, primary key (o_id))
create table o_BuildParam (o_id bigint not null, o_name varchar(255) not null, o_type varchar(255) not null, o_value varchar(255), o_build_id bigint not null, primary key (o_id))
create table o_BuildQuerySetting (o_id bigint not null, o_querySubscriptions blob(65535) not null, o_userQueries blob(65535) not null, o_userQuerySubscriptions blob(65535) not null, o_project_id bigint not null, o_user_id bigint not null, primary key (o_id))
create table o_CloverMetric (o_id bigint not null, o_branchCoverage integer not null, o_lineCoverage integer not null, o_methodCoverage integer not null, o_reportName varchar(255) not null, o_statementCoverage integer not null, o_totalBranches integer not null, o_totalLines integer not null, o_totalMethods integer not null, o_totalStatements integer not null, o_build_id bigint not null, primary key (o_id))
create table o_CodeComment (o_id bigint not null, o_compareCommitHash varchar(255) not null, o_leftSide boolean not null, o_pathFilter varchar(255), o_whitespaceOption integer not null, o_content varchar(14000) not null, o_createDate timestamp not null, o_LAST_UPDATE_ACTIVITY varchar(255) not null, o_LAST_UPDATE_DATE timestamp not null, o_LAST_UPDATE_USER_NAME varchar(255), o_commitHash varchar(255) not null, o_path varchar(255) not null, o_range varbinary(255) not null, o_replyCount integer not null, o_userName varchar(255), o_uuid varchar(255) not null, o_LAST_UPDATE_USER bigint, o_project_id bigint not null, o_request_id bigint, o_user_id bigint, primary key (o_id))
create table o_CodeCommentQuerySetting (o_id bigint not null, o_userQueries blob(65535) not null, o_project_id bigint not null, o_user_id bigint not null, primary key (o_id))
create table o_CodeCommentReply (o_id bigint not null, o_content varchar(14000) not null, o_date timestamp not null, o_userName varchar(255), o_comment_id bigint not null, o_user_id bigint, primary key (o_id))
create table o_CommitQuerySetting (o_id bigint not null, o_projectQuerySubscriptions blob(65535) not null, o_userQueries blob(65535) not null, o_userQuerySubscriptions blob(65535) not null, o_project_id bigint not null, o_user_id bigint not null, primary key (o_id))
create table o_Group (o_id bigint not null, o_administrator boolean not null, o_createProjects boolean not null, o_description varchar(255), o_name varchar(255) not null, primary key (o_id))
create table o_GroupAuthorization (o_id bigint not null, o_group_id bigint not null, o_project_id bigint not null, o_role_id bigint not null, primary key (o_id))
create table o_Issue (o_id bigint not null, o_commentCount integer not null, o_description varchar(14000), o_LAST_UPDATE_ACTIVITY varchar(255) not null, o_LAST_UPDATE_DATE timestamp not null, o_LAST_UPDATE_USER_NAME varchar(255), o_noSpaceTitle varchar(255) not null, o_number bigint not null, o_state varchar(255) not null, o_submitDate timestamp not null, o_submitterName varchar(255), o_title varchar(255) not null, o_uuid varchar(255) not null, o_voteCount integer not null, o_LAST_UPDATE_USER bigint, o_milestone_id bigint, o_numberScope_id bigint not null, o_project_id bigint not null, o_submitter_id bigint, primary key (o_id))
create table o_IssueChange (o_id bigint not null, o_data blob(65535) not null, o_date timestamp not null, o_userName varchar(255), o_issue_id bigint not null, o_user_id bigint, primary key (o_id))
create table o_IssueComment (o_id bigint not null, o_content varchar(15000) not null, o_date timestamp not null, o_userName varchar(255), o_issue_id bigint not null, o_user_id bigint, primary key (o_id))
create table o_IssueField (o_id bigint not null, o_name varchar(255) not null, o_ordinal bigint not null, o_type varchar(255) not null, o_value varchar(255), o_issue_id bigint not null, primary key (o_id))
create table o_IssueQuerySetting (o_id bigint not null, o_queryWatches blob(65535) not null, o_userQueries blob(65535) not null, o_userQueryWatches blob(65535) not null, o_project_id bigint not null, o_user_id bigint not null, primary key (o_id))
create table o_IssueVote (o_id bigint not null, o_date timestamp not null, o_issue_id bigint not null, o_user_id bigint, primary key (o_id))
create table o_IssueWatch (o_id bigint not null, o_watching boolean not null, o_issue_id bigint not null, o_user_id bigint not null, primary key (o_id))
create table o_JestTestMetric (o_id bigint not null, o_numOfTestCases integer not null, o_numOfTestSuites integer not null, o_reportName varchar(255) not null, o_testCaseSuccessRate integer not null, o_testSuiteSuccessRate integer not null, o_totalTestDuration integer not null, o_build_id bigint not null, primary key (o_id))
create table o_Membership (o_id bigint not null, o_group_id bigint not null, o_user_id bigint not null, primary key (o_id))
create table o_Milestone (o_id bigint not null, o_closed boolean not null, o_description varchar(255), o_dueDate timestamp, o_name varchar(255) not null, o_project_id bigint not null, primary key (o_id))
create table o_ModelVersion (o_id bigint not null, o_versionColumn varchar(255), primary key (o_id))
create table o_Project (o_id bigint not null, o_branchProtections blob(65535) not null, o_buildSetting blob(65535) not null, o_createDate timestamp not null, o_description varchar(15000), o_issueManagementEnabled boolean not null, o_issueSetting blob(65535) not null, o_name varchar(255) not null, o_namedCodeCommentQueries blob(65535), o_namedCommitQueries blob(65535), o_pullRequestSetting blob(65535) not null, o_tagProtections blob(65535) not null, o_updateDate timestamp not null, o_webHooks blob(65535) not null, o_forkedFrom_id bigint, o_owner_id bigint, primary key (o_id))
create table o_PullRequest (o_id bigint not null, o_baseCommitHash varchar(255) not null, o_checkError varchar(1024), o_CLOSE_DATE timestamp, o_CLOSE_STATUS integer, o_CLOSE_USER_NAME varchar(255), o_commentCount integer not null, o_description varchar(12000), o_lastCodeCommentActivityDate timestamp, o_PREVIEW_HEAD varchar(255), o_PREVIEW_MERGE_COMMIT varchar(255), o_PREVIEW_MERGE_STRATEGY integer, o_PREVIEW_TARGET_HEAD varchar(255), o_LAST_UPDATE_ACTIVITY varchar(255) not null, o_LAST_UPDATE_DATE timestamp not null, o_LAST_UPDATE_USER_NAME varchar(255), o_mergeStrategy integer not null, o_noSpaceTitle varchar(255) not null, o_number bigint not null, o_sourceBranch varchar(255) not null, o_submitDate timestamp not null, o_submitterName varchar(255), o_targetBranch varchar(255) not null, o_title varchar(255) not null, o_uuid varchar(255) not null, o_CLOSE_USER bigint, o_LAST_UPDATE_USER bigint, o_numberScope_id bigint not null, o_sourceProject_id bigint, o_submitter_id bigint, o_targetProject_id bigint not null, primary key (o_id))
create table o_PullRequestAssignment (o_id bigint not null, o_request_id bigint not null, o_user_id bigint not null, primary key (o_id))
create table o_PullRequestChange (o_id bigint not null, o_data blob(65535), o_date timestamp not null, o_userName varchar(255), o_request_id bigint not null, o_user_id bigint, primary key (o_id))
create table o_PullRequestComment (o_id bigint not null, o_content varchar(14000) not null, o_date timestamp not null, o_userName varchar(255), o_request_id bigint not null, o_user_id bigint, primary key (o_id))
create table o_PullRequestQuerySetting (o_id bigint not null, o_queryWatches blob(65535) not null, o_userQueries blob(65535) not null, o_userQueryWatches blob(65535) not null, o_project_id bigint not null, o_user_id bigint not null, primary key (o_id))
create table o_PullRequestReview (o_id bigint not null, o_approved boolean, o_comment varchar(15000), o_commit varchar(255), o_request_id bigint not null, o_user_id bigint not null, primary key (o_id))
create table o_PullRequestUpdate (o_id bigint not null, o_date timestamp not null, o_headCommitHash varchar(255) not null, o_targetHeadCommitHash varchar(255) not null, o_request_id bigint not null, primary key (o_id))
create table o_PullRequestWatch (o_id bigint not null, o_watching boolean not null, o_request_id bigint not null, o_user_id bigint not null, primary key (o_id))
create table o_Role (o_id bigint not null, o_codePrivilege integer, o_editableIssueFields blob(65535) not null, o_jobPrivileges blob(65535) not null, o_manageBuilds boolean not null, o_manageCodeComments boolean not null, o_manageIssues boolean not null, o_manageProject boolean not null, o_managePullRequests boolean not null, o_name varchar(255) not null, o_scheduleIssues boolean not null, primary key (o_id))
create table o_Setting (o_id bigint not null, o_key integer not null, o_value blob(65535), primary key (o_id))
create table o_SshKey (o_id bigint not null, o_content varchar(5000) not null, o_createdAt timestamp not null, o_digest varchar(255) not null, o_owner_id bigint not null, primary key (o_id))
create table o_User (o_id bigint not null, o_accessToken varchar(255) not null, o_buildQuerySubscriptions blob(65535) not null, o_email varchar(255) not null, o_fullName varchar(255), o_issueQueryWatches blob(65535) not null, o_name varchar(255) not null, o_password varchar(1024) not null, o_pullRequestQueryWatches blob(65535) not null, o_SSO_CONNECTOR varchar(255), o_SSO_SUBJECT varchar(255) not null, o_userBuildQueries blob(65535) not null, o_userBuildQuerySubscriptions blob(65535) not null, o_userIssueQueries blob(65535) not null, o_userIssueQueryWatches blob(65535) not null, o_userProjectQueries blob(65535) not null, o_userPullRequestQueries blob(65535) not null, o_userPullRequestQueryWatches blob(65535) not null, primary key (o_id))
create table o_UserAuthorization (o_id bigint not null, o_project_id bigint not null, o_role_id bigint not null, o_user_id bigint not null, primary key (o_id))
create index IDXl7uotacrtgox9owr25u19ge2t on o_Build (o_submitterName)
create index IDXq0bsnu5ladgfwud2w3aurf8s7 on o_Build (o_cancellerName)
create index IDXe22xk8ynbamuunnn3mwwgiykl on o_Build (o_commitHash)
create index IDX1ldy4ighe17orc41xnf6o7ceg on o_Build (o_number)
create index IDXdia13nkdkhm1egru54xx7hfoc on o_Build (o_jobName)
create index IDXnc0bk4w928296p1v6rodd4600 on o_Build (o_status)
create index IDXah0m79l3mv268nyav19mrqumq on o_Build (o_refName)
create index IDXqfvuv5rrhu10dp5ynl9fd3n09 on o_Build (o_submitDate)
create index IDXic0djmnwqjplns4s1hnr66k04 on o_Build (o_pendingDate)
create index IDXrnp2lodno1xqe63u6w4orcgnx on o_Build (o_runningDate)
create index IDXqg9xigwiqub9p0py1a731npwd on o_Build (o_finishDate)
create index IDX993guwbj10d0r6r3v4qhoa7sy on o_Build (o_finishDay)
create index IDXd9c70vlpidmkldtw1i7ao6odw on o_Build (o_version)
create index IDXga4ur2y797a1vdxt5r0pg60gn on o_Build (o_project_id, o_commitHash)
alter table o_Build add constraint UK82ygwprw67qno3kbrm6b4xkn5 unique (o_numberScope_id, o_number)
alter table o_BuildDependence add constraint UKtfg0y3rh09b62nvvjsi2fc2dj unique (o_dependent_id, o_dependency_id)
create index IDXlg2o1ko8axhpful0n4njwx05j on o_BuildParam (o_name)
create index IDXd9wvtmvectttpkk3xbo7pwrxw on o_BuildParam (o_value)
alter table o_BuildParam add constraint UKfajtejd16e3j0e2ufnr134785 unique (o_build_id, o_name, o_value)
alter table o_BuildQuerySetting add constraint UKlxaxa84tkel5btsir1yjngx46 unique (o_project_id, o_user_id)
create index IDXswj0rcq008eg0jmvv7cbbkvah on o_CloverMetric (o_reportName)
create index IDXr4hinredtxpkdr6c63hdi38a4 on o_CodeComment (o_commitHash)
create index IDXi9a5pwjgf8gd9phciscrri8w3 on o_CodeComment (o_path)
create index IDX52m07avoseq24wd4lpktum45i on o_CodeComment (o_createDate)
create index IDX51f9i097tu1foecgq8i2g5hs3 on o_CodeComment (o_LAST_UPDATE_DATE)
alter table o_CodeCommentQuerySetting add constraint UKe9eogvh5rjyt5rn9hhcxcwdjy unique (o_project_id, o_user_id)
alter table o_CommitQuerySetting add constraint UK7brp8m8pxtg1327caykvgo0x6 unique (o_project_id, o_user_id)
alter table o_Group add constraint UK_ohpn469ikh9edltixwqt36j7x unique (o_name)
alter table o_GroupAuthorization add constraint UKalouxygo11nwlatwu4d34gqkf unique (o_group_id, o_project_id)
create index IDXpufv60ttpp8wl921svfsb8hum on o_Issue (o_state)
create index IDXqnx13vx8rpd8dgv7gdjuqd8ec on o_Issue (o_title)
create index IDXr9d4kiv5d0p1uwcaig5i97tua on o_Issue (o_noSpaceTitle)
create index IDXbj1blem2ookm5ylqqxoo6u8eq on o_Issue (o_number)
create index IDX6mp49whmpksdyb7lruwec75kl on o_Issue (o_submitDate)
create index IDX9rx7a0gidqqbckr02gojtothd on o_Issue (o_voteCount)
create index IDXodudxqb4j5wmnkme3c3kcd566 on o_Issue (o_commentCount)
create index IDXdqrxkune38kfx4j950fq0lcwa on o_Issue (o_LAST_UPDATE_DATE)
alter table o_Issue add constraint UKl18v6uta3ag37pglbjs6s6u2x unique (o_numberScope_id, o_number)
create index IDXqyhc87iqrs49ybnqcjfnmtv3m on o_IssueField (o_name)
create index IDX7jj6salj3bro292uyl80rsk0 on o_IssueField (o_value)
create index IDXmgpslo9ffu8fjbe02c3nrey7 on o_IssueField (o_type)
create index IDX7ispuwq9dlfhi7365uhyow3xs on o_IssueField (o_ordinal)
alter table o_IssueField add constraint UKaldqe6xh6v2uufne0m7t4wycy unique (o_issue_id, o_name, o_value)
alter table o_IssueQuerySetting add constraint UKjifpkiuvskocjljwak44olv0m unique (o_project_id, o_user_id)
alter table o_IssueVote add constraint UK9h8ld86laihiditik978ib38r unique (o_issue_id, o_user_id)
alter table o_IssueWatch add constraint UKa4h1unn42yuvxdkxl1hkteuux unique (o_issue_id, o_user_id)
create index IDX719ieiy4yd07xjqe4o5r0ibxb on o_JestTestMetric (o_reportName)
alter table o_Membership add constraint UKmv4ady4df0n2uaesk0bj953v0 unique (o_user_id, o_group_id)
alter table o_Milestone add constraint UKkiv7i1ptrih8tmex8fwlf4cf8 unique (o_project_id, o_name)
create index IDXs1chqo15q2e19apj6e8jd4h87 on o_Project (o_name)
create index IDXkbfhnh9rsvd3x8ib32ng83qsq on o_Project (o_updateDate)
alter table o_Project add constraint UK_1unkuefcqsx4gvaxpx0t33fru unique (o_name)
create index IDX5cvhyljotw9uo8bfbvyfb6vi7 on o_PullRequest (o_title)
create index IDXjw2eo2dmkam0dwaskkiuuwqmr on o_PullRequest (o_uuid)
create index IDXllmslyytu7lu08owmqvwfhw8y on o_PullRequest (o_noSpaceTitle)
create index IDXks48095k4ced9nd23qgqghqj on o_PullRequest (o_number)
create index IDXtmlgm90e4dm72j09jsuqgqtuq on o_PullRequest (o_submitDate)
create index IDXsfsv3mqufevvdvri4pswll3os on o_PullRequest (o_LAST_UPDATE_DATE)
create index IDXsn876wcn724yiulor3kwju6b6 on o_PullRequest (o_PREVIEW_HEAD)
create index IDXodjq621q1gr5tgxp70nr6w4rf on o_PullRequest (o_CLOSE_DATE)
create index IDX6nac1oclx4yj9uq35noqc8rkf on o_PullRequest (o_CLOSE_STATUS)
create index IDX3j3ch6fqqs478v2dil5l9yoni on o_PullRequest (o_CLOSE_USER)
create index IDXegutgrmwwohva3ha3uttql18d on o_PullRequest (o_CLOSE_USER_NAME)
alter table o_PullRequest add constraint UKmyy49ell7q1r9iu3vny0raptt unique (o_numberScope_id, o_number)
alter table o_PullRequestAssignment add constraint UKnb9lliu2t4mfpg3mpbq7deo6u unique (o_user_id, o_request_id)
alter table o_PullRequestQuerySetting add constraint UKb3sdndggcwxrpked2shw39vhe unique (o_project_id, o_user_id)
alter table o_PullRequestReview add constraint UKlwe76lvgt4gmxjdghhrcfddod unique (o_user_id, o_request_id)
create index IDXftd0c98uvdmp18smbk1rmx15 on o_PullRequestUpdate (o_date)
alter table o_PullRequestWatch add constraint UKq7kan1v67lbxreqtk8orvt6oq unique (o_request_id, o_user_id)
create index IDXhnufk5l79rvrptomlf1710ktw on o_Role (o_name)
alter table o_Role add constraint UK_gvrvua8jy1db7n3qj96a8ssf4 unique (o_name)
alter table o_Setting add constraint UK_86syy6jlp3drbbbikxvm0lix1 unique (o_key)
create index IDXr8akctg3e6fcle0d8j4aga9sn on o_SshKey (o_digest)
alter table o_SshKey add constraint UKr8akctg3e6fcle0d8j4aga9sn unique (o_digest)
create index IDX8csj349qjy0difye718om9emk on o_User (o_name)
create index IDXsy34p6c87fyn8b40jqrw0e83m on o_User (o_email)
create index IDX7ryqo9h8jwhhm6x0nv3pem53i on o_User (o_fullName)
create index IDXiouymdwhyxf7pm81fg5i9vtfu on o_User (o_SSO_CONNECTOR)
create index IDX50wtgu1aroylmrgbv9quna66b on o_User (o_SSO_SUBJECT)
create index IDXi5bn4k0edsr3arcda79wpq95j on o_User (o_accessToken)
alter table o_User add constraint UKdwt4ql52ejtjuixpsv9yni0ow unique (o_SSO_CONNECTOR, o_SSO_SUBJECT)
alter table o_User add constraint UK_g2wl5p71u4tv40j32gx4sgsg6 unique (o_accessToken)
alter table o_User add constraint UK_9wrfpoj30xbqoo9i01cm9408s unique (o_email)
alter table o_User add constraint UK_op1rwecoss3wasnnjaj28ywlv unique (o_name)
alter table o_UserAuthorization add constraint UKkykmhoc5law34iwcudy7t7kvg unique (o_user_id, o_project_id)
alter table o_Build add constraint FKqj6v41bi61xemfb43bj265qxo foreign key (o_canceller_id) references o_User
alter table o_Build add constraint FKbqwv7vanjiokgxqa3nn8h2aqu foreign key (o_numberScope_id) references o_Project
alter table o_Build add constraint FK7du5v10cprnvk1n2h5e68tdy9 foreign key (o_project_id) references o_Project
alter table o_Build add constraint FKku04d28cuxemv5a3ymqe79t98 foreign key (o_request_id) references o_PullRequest
alter table o_Build add constraint FK80p4s2syp4jyt201e0skxdwvn foreign key (o_submitter_id) references o_User
alter table o_BuildDependence add constraint FKiv1176tcqp3r8l1lwbyhta01y foreign key (o_dependency_id) references o_Build
alter table o_BuildDependence add constraint FKnnif4ydigu70pwjkn7kw643m7 foreign key (o_dependent_id) references o_Build
alter table o_BuildParam add constraint FKc41frtef950hgqbw54vmmaxdp foreign key (o_build_id) references o_Build
alter table o_BuildQuerySetting add constraint FKsef5v2ayq5u3ffb4ki9rgv7oc foreign key (o_project_id) references o_Project
alter table o_BuildQuerySetting add constraint FKp4vki86ua71sd3ro3qy8ky4f foreign key (o_user_id) references o_User
alter table o_CloverMetric add constraint FKcaxcte8vv9bj1hvsbf7unmhke foreign key (o_build_id) references o_Build
alter table o_CodeComment add constraint FKip18qytrgajbk5atpbai323bo foreign key (o_LAST_UPDATE_USER) references o_User
alter table o_CodeComment add constraint FK5myvwvgqa7b1qb94ri6rtjjh4 foreign key (o_project_id) references o_Project
alter table o_CodeComment add constraint FK6at1avvgyqenpk8x0nomblklx foreign key (o_request_id) references o_PullRequest
alter table o_CodeComment add constraint FKn8gqligbsqfgjyo9sa1lurwl foreign key (o_user_id) references o_User
alter table o_CodeCommentQuerySetting add constraint FKsj664akev16mdlsi54ukkwtty foreign key (o_project_id) references o_Project
alter table o_CodeCommentQuerySetting add constraint FKmp8l9gptxm203kjaj8otjft5h foreign key (o_user_id) references o_User
alter table o_CodeCommentReply add constraint FKsiaso3u9qlrdf91rvg6522jd foreign key (o_comment_id) references o_CodeComment
alter table o_CodeCommentReply add constraint FKi6yo1l8df3t1rxg8073et0o21 foreign key (o_user_id) references o_User
alter table o_CommitQuerySetting add constraint FK4hlb7shrmcsdcf0baekf9e7y7 foreign key (o_project_id) references o_Project
alter table o_CommitQuerySetting add constraint FKbp2t36i8bf1v70ejdysrho6ty foreign key (o_user_id) references o_User
alter table o_GroupAuthorization add constraint FK4dqkrgv236a01miilsi3vpc8v foreign key (o_group_id) references o_Group
alter table o_GroupAuthorization add constraint FKte7oyhw5yhpeclkjmkyh6e7d6 foreign key (o_project_id) references o_Project
alter table o_GroupAuthorization add constraint FK8ckuber0qyn92lofpiuhucyf8 foreign key (o_role_id) references o_Role
alter table o_Issue add constraint FKkcf7ckcwg46ybhkuc3frrru75 foreign key (o_LAST_UPDATE_USER) references o_User
alter table o_Issue add constraint FK40dthc2oymhfprc57uanixaeg foreign key (o_milestone_id) references o_Milestone
alter table o_Issue add constraint FKth8nqer31rpt0vjy8csfgamba foreign key (o_numberScope_id) references o_Project
alter table o_Issue add constraint FKpwkgci0xwfog055s2p7k91f58 foreign key (o_project_id) references o_Project
alter table o_Issue add constraint FKc2gfh8klmuyq0nfndodqadn11 foreign key (o_submitter_id) references o_User
alter table o_IssueChange add constraint FKmqqqb1s6b2s8q8g6hq1xa74rf foreign key (o_issue_id) references o_Issue
alter table o_IssueChange add constraint FK8pu94leg2gyjm4qwek3unyg8c foreign key (o_user_id) references o_User
alter table o_IssueComment add constraint FKma5ldnqqpueiu49d30kjgasc9 foreign key (o_issue_id) references o_Issue
alter table o_IssueComment add constraint FK8eu1soplbd9ibiwsoi1sryksh foreign key (o_user_id) references o_User
alter table o_IssueField add constraint FKdeb3iqkibtjw3wf8eyypdjesc foreign key (o_issue_id) references o_Issue
alter table o_IssueQuerySetting add constraint FKpdhtr8r7e8qouug12bmi918lu foreign key (o_project_id) references o_Project
alter table o_IssueQuerySetting add constraint FKqwbjln87wkhdjlmv7gi65jos foreign key (o_user_id) references o_User
alter table o_IssueVote add constraint FKt21n9jxi6pwylrtdst2dxonos foreign key (o_issue_id) references o_Issue
alter table o_IssueVote add constraint FKg47qnlhcpgcabwd4qqha93ebi foreign key (o_user_id) references o_User
alter table o_IssueWatch add constraint FKr19eofhbhn3j2usientdfxipi foreign key (o_issue_id) references o_Issue
alter table o_IssueWatch add constraint FKfrqwqw5m5lp4y1mdf8t1tc5dv foreign key (o_user_id) references o_User
alter table o_JestTestMetric add constraint FKpo4qq9uielk8m03k38jd61b18 foreign key (o_build_id) references o_Build
alter table o_Membership add constraint FKmrj3ks5m177sx0ak9a7ypnmjd foreign key (o_group_id) references o_Group
alter table o_Membership add constraint FKl17e7jpvtdc14enn4uhtlyhpm foreign key (o_user_id) references o_User
alter table o_Milestone add constraint FK7clpud9rp3l0vg942ua8vbwux foreign key (o_project_id) references o_Project
alter table o_Project add constraint FKnwak65pwlrih9la3yxm6pfd8c foreign key (o_forkedFrom_id) references o_Project
alter table o_Project add constraint FK27kdgch6s62togu4ket1b0rrn foreign key (o_owner_id) references o_User
alter table o_PullRequest add constraint FK5ern659syk9cg06u0amqm4fqj foreign key (o_CLOSE_USER) references o_User
alter table o_PullRequest add constraint FKjl04c8f85lp0lgkbe0ba8ktcm foreign key (o_LAST_UPDATE_USER) references o_User
alter table o_PullRequest add constraint FKptwk3m4dekyqbog03r11cd6ex foreign key (o_numberScope_id) references o_Project
alter table o_PullRequest add constraint FKhd7yy8usy4ckubsh4qvtk9q1x foreign key (o_sourceProject_id) references o_Project
alter table o_PullRequest add constraint FK60160xl29vugv04emh50a3cv foreign key (o_submitter_id) references o_User
alter table o_PullRequest add constraint FKeubvxhf7sx0q9evt5rmvnabxj foreign key (o_targetProject_id) references o_Project
alter table o_PullRequestAssignment add constraint FKk4c7vdtc35im5mdkdev7jjptx foreign key (o_request_id) references o_PullRequest
alter table o_PullRequestAssignment add constraint FKtlue2obqriktgesykdyv83jus foreign key (o_user_id) references o_User
alter table o_PullRequestChange add constraint FK4ehnxvuouhl18k9ceos99sk4n foreign key (o_request_id) references o_PullRequest
alter table o_PullRequestChange add constraint FK8l0r63jkkkqekr8t8qmp250uy foreign key (o_user_id) references o_User
alter table o_PullRequestComment add constraint FKgxcajqp8l0a5wao81h8r74b5o foreign key (o_request_id) references o_PullRequest
alter table o_PullRequestComment add constraint FK3gcixbe5ypjdvowesjlk6c5o5 foreign key (o_user_id) references o_User
alter table o_PullRequestQuerySetting add constraint FK25bg41eov9s27bp3urmj4vxj2 foreign key (o_project_id) references o_Project
alter table o_PullRequestQuerySetting add constraint FKaoj0ttaiqxklyycmqtigeormf foreign key (o_user_id) references o_User
alter table o_PullRequestReview add constraint FK437qqac29fs6efus0swrwnps6 foreign key (o_request_id) references o_PullRequest
alter table o_PullRequestReview add constraint FKd0b9jjyhe7vxn73dlqfdn3v0j foreign key (o_user_id) references o_User
alter table o_PullRequestUpdate add constraint FKagoy30ssjrvn47q04ci0buw3h foreign key (o_request_id) references o_PullRequest
alter table o_PullRequestWatch add constraint FKqj624bp9ktwcx4sq6cgu215mo foreign key (o_request_id) references o_PullRequest
alter table o_PullRequestWatch add constraint FKqclmyk872u9ph2ekgfyl8q79a foreign key (o_user_id) references o_User
alter table o_SshKey add constraint FKhcybgc5rxadnhgjf53pw02erp foreign key (o_owner_id) references o_User
alter table o_UserAuthorization add constraint FK59enyp88rmhgp5k1h6ls7eshh foreign key (o_project_id) references o_Project
alter table o_UserAuthorization add constraint FKjno26eqa5mowa41xpme4rwjqq foreign key (o_role_id) references o_Role
alter table o_UserAuthorization add constraint FKf5c832pvr1pe8omct8nq0uhd8 foreign key (o_user_id) references o_User
DISCONNECT
/*C3*/SET SCHEMA PUBLIC
INSERT INTO O_MODELVERSION VALUES(1,'49')
COMMIT
/*C1*/SET SCHEMA SYSTEM_LOBS
INSERT INTO LOB_IDS VALUES(1,91,0,30)
ALTER SEQUENCE SYSTEM_LOBS.LOB_ID RESTART WITH 2
COMMIT
DELETE FROM BLOCKS WHERE BLOCK_ADDR=0
INSERT INTO BLOCKS VALUES(1,2147483646,0)
INSERT INTO LOBS VALUES(0,1,0,1)
COMMIT
INSERT INTO PARTS VALUES(1,0,0,91,83,1)
COMMIT
INSERT INTO LOB_IDS VALUES(2,135,0,30)
ALTER SEQUENCE SYSTEM_LOBS.LOB_ID RESTART WITH 3
COMMIT
DELETE FROM BLOCKS WHERE BLOCK_ADDR=1
INSERT INTO BLOCKS VALUES(2,2147483645,0)
INSERT INTO LOBS VALUES(1,1,0,2)
COMMIT
INSERT INTO PARTS VALUES(1,0,0,135,124,2)
COMMIT
INSERT INTO LOB_IDS VALUES(3,135,0,30)
ALTER SEQUENCE SYSTEM_LOBS.LOB_ID RESTART WITH 4
COMMIT
DELETE FROM BLOCKS WHERE BLOCK_ADDR=2
INSERT INTO BLOCKS VALUES(3,2147483644,0)
INSERT INTO LOBS VALUES(2,1,0,3)
COMMIT
INSERT INTO PARTS VALUES(1,0,0,135,124,3)
COMMIT
INSERT INTO LOB_IDS VALUES(4,58,0,30)
ALTER SEQUENCE SYSTEM_LOBS.LOB_ID RESTART WITH 5
COMMIT
DELETE FROM BLOCKS WHERE BLOCK_ADDR=3
INSERT INTO BLOCKS VALUES(4,2147483643,0)
INSERT INTO LOBS VALUES(3,1,0,4)
COMMIT
INSERT INTO PARTS VALUES(1,0,0,58,63,4)
COMMIT
INSERT INTO LOB_IDS VALUES(5,91,0,30)
ALTER SEQUENCE SYSTEM_LOBS.LOB_ID RESTART WITH 6
COMMIT
DELETE FROM BLOCKS WHERE BLOCK_ADDR=4
INSERT INTO BLOCKS VALUES(5,2147483642,0)
INSERT INTO LOBS VALUES(4,1,0,5)
COMMIT
INSERT INTO PARTS VALUES(1,0,0,91,83,5)
COMMIT
INSERT INTO LOB_IDS VALUES(6,58,0,30)
ALTER SEQUENCE SYSTEM_LOBS.LOB_ID RESTART WITH 7
COMMIT
DELETE FROM BLOCKS WHERE BLOCK_ADDR=5
INSERT INTO BLOCKS VALUES(6,2147483641,0)
INSERT INTO LOBS VALUES(5,1,0,6)
COMMIT
INSERT INTO PARTS VALUES(1,0,0,58,63,6)
COMMIT
INSERT INTO LOB_IDS VALUES(7,135,0,30)
ALTER SEQUENCE SYSTEM_LOBS.LOB_ID RESTART WITH 8
COMMIT
DELETE FROM BLOCKS WHERE BLOCK_ADDR=6
INSERT INTO BLOCKS VALUES(7,2147483640,0)
INSERT INTO LOBS VALUES(6,1,0,7)
COMMIT
INSERT INTO PARTS VALUES(1,0,0,135,124,7)
COMMIT
INSERT INTO LOB_IDS VALUES(8,58,0,30)
ALTER SEQUENCE SYSTEM_LOBS.LOB_ID RESTART WITH 9
COMMIT
DELETE FROM BLOCKS WHERE BLOCK_ADDR=7
INSERT INTO BLOCKS VALUES(8,2147483639,0)
INSERT INTO LOBS VALUES(7,1,0,8)
COMMIT
INSERT INTO PARTS VALUES(1,0,0,58,63,8)
COMMIT
INSERT INTO LOB_IDS VALUES(9,58,0,30)
ALTER SEQUENCE SYSTEM_LOBS.LOB_ID RESTART WITH 10
COMMIT
DELETE FROM BLOCKS WHERE BLOCK_ADDR=8
INSERT INTO BLOCKS VALUES(9,2147483638,0)
INSERT INTO LOBS VALUES(8,1,0,9)
COMMIT
INSERT INTO PARTS VALUES(1,0,0,58,63,9)
COMMIT
INSERT INTO LOB_IDS VALUES(10,135,0,30)
ALTER SEQUENCE SYSTEM_LOBS.LOB_ID RESTART WITH 11
COMMIT
DELETE FROM BLOCKS WHERE BLOCK_ADDR=9
INSERT INTO BLOCKS VALUES(10,2147483637,0)
INSERT INTO LOBS VALUES(9,1,0,10)
COMMIT
INSERT INTO PARTS VALUES(1,0,0,135,124,10)
COMMIT
INSERT INTO LOB_IDS VALUES(11,3440,0,30)
ALTER SEQUENCE SYSTEM_LOBS.LOB_ID RESTART WITH 12
COMMIT
DELETE FROM BLOCKS WHERE BLOCK_ADDR=10
INSERT INTO BLOCKS VALUES(11,2147483636,0)
INSERT INTO LOBS VALUES(10,1,0,11)
COMMIT
INSERT INTO PARTS VALUES(1,0,0,3440,2664,11)
COMMIT
INSERT INTO LOB_IDS VALUES(12,168,0,30)
ALTER SEQUENCE SYSTEM_LOBS.LOB_ID RESTART WITH 13
COMMIT
DELETE FROM BLOCKS WHERE BLOCK_ADDR=11
INSERT INTO BLOCKS VALUES(12,2147483635,0)
INSERT INTO LOBS VALUES(11,1,0,12)
COMMIT
INSERT INTO PARTS VALUES(1,0,0,168,146,12)
COMMIT
INSERT INTO LOB_IDS VALUES(13,5510,0,30)
ALTER SEQUENCE SYSTEM_LOBS.LOB_ID RESTART WITH 14
COMMIT
DELETE FROM BLOCKS WHERE BLOCK_ADDR=12
INSERT INTO BLOCKS VALUES(13,2147483634,0)
INSERT INTO LOBS VALUES(12,1,0,13)
COMMIT
INSERT INTO PARTS VALUES(1,0,0,5510,1889,13)
COMMIT
INSERT INTO LOB_IDS VALUES(14,5510,0,30)
ALTER SEQUENCE SYSTEM_LOBS.LOB_ID RESTART WITH 15
COMMIT
DELETE FROM BLOCKS WHERE BLOCK_ADDR=13
INSERT INTO BLOCKS VALUES(14,2147483633,0)
INSERT INTO LOBS VALUES(13,1,0,14)
COMMIT
INSERT INTO PARTS VALUES(1,0,0,5510,1887,14)
COMMIT
INSERT INTO LOB_IDS VALUES(15,5510,0,30)
ALTER SEQUENCE SYSTEM_LOBS.LOB_ID RESTART WITH 16
COMMIT
DELETE FROM BLOCKS WHERE BLOCK_ADDR=14
INSERT INTO BLOCKS VALUES(15,2147483632,0)
INSERT INTO LOBS VALUES(14,1,0,15)
COMMIT
INSERT INTO PARTS VALUES(1,0,0,5510,1887,15)
COMMIT
INSERT INTO LOB_IDS VALUES(16,5510,0,30)
ALTER SEQUENCE SYSTEM_LOBS.LOB_ID RESTART WITH 17
COMMIT
DELETE FROM BLOCKS WHERE BLOCK_ADDR=15
INSERT INTO BLOCKS VALUES(16,2147483631,0)
INSERT INTO LOBS VALUES(15,1,0,16)
COMMIT
INSERT INTO PARTS VALUES(1,0,0,5510,1887,16)
COMMIT
INSERT INTO LOB_IDS VALUES(17,5510,0,30)
ALTER SEQUENCE SYSTEM_LOBS.LOB_ID RESTART WITH 18
COMMIT
DELETE FROM BLOCKS WHERE BLOCK_ADDR=16
INSERT INTO BLOCKS VALUES(17,2147483630,0)
INSERT INTO LOBS VALUES(16,1,0,17)
COMMIT
INSERT INTO PARTS VALUES(1,0,0,5510,1887,17)
COMMIT
INSERT INTO LOB_IDS VALUES(18,336,0,30)
ALTER SEQUENCE SYSTEM_LOBS.LOB_ID RESTART WITH 19
COMMIT
DELETE FROM BLOCKS WHERE BLOCK_ADDR=17
INSERT INTO BLOCKS VALUES(18,2147483629,0)
INSERT INTO LOBS VALUES(17,1,0,18)
COMMIT
INSERT INTO PARTS VALUES(1,0,0,336,231,18)
COMMIT
INSERT INTO LOB_IDS VALUES(19,5510,0,30)
ALTER SEQUENCE SYSTEM_LOBS.LOB_ID RESTART WITH 20
COMMIT
DELETE FROM BLOCKS WHERE BLOCK_ADDR=18
INSERT INTO BLOCKS VALUES(19,2147483628,0)
INSERT INTO LOBS VALUES(18,1,0,19)
COMMIT
INSERT INTO PARTS VALUES(1,0,0,5510,1887,19)
COMMIT
INSERT INTO LOB_IDS VALUES(20,5510,0,30)
ALTER SEQUENCE SYSTEM_LOBS.LOB_ID RESTART WITH 21
COMMIT
DELETE FROM BLOCKS WHERE BLOCK_ADDR=19
INSERT INTO BLOCKS VALUES(20,2147483627,0)
INSERT INTO LOBS VALUES(19,1,0,20)
COMMIT
INSERT INTO PARTS VALUES(1,0,0,5510,1887,20)
COMMIT
INSERT INTO LOB_IDS VALUES(21,58,0,30)
ALTER SEQUENCE SYSTEM_LOBS.LOB_ID RESTART WITH 22
COMMIT
DELETE FROM BLOCKS WHERE BLOCK_ADDR=20
INSERT INTO BLOCKS VALUES(21,2147483626,0)
INSERT INTO LOBS VALUES(20,1,0,21)
COMMIT
INSERT INTO PARTS VALUES(1,0,0,58,63,21)
COMMIT
INSERT INTO LOB_IDS VALUES(22,5510,0,30)
ALTER SEQUENCE SYSTEM_LOBS.LOB_ID RESTART WITH 23
COMMIT
DELETE FROM BLOCKS WHERE BLOCK_ADDR=21
INSERT INTO BLOCKS VALUES(22,2147483625,0)
INSERT INTO LOBS VALUES(21,1,0,22)
COMMIT
INSERT INTO PARTS VALUES(1,0,0,5510,1887,22)
COMMIT
INSERT INTO LOB_IDS VALUES(23,5510,0,30)
ALTER SEQUENCE SYSTEM_LOBS.LOB_ID RESTART WITH 24
COMMIT
DELETE FROM BLOCKS WHERE BLOCK_ADDR=22
INSERT INTO BLOCKS VALUES(23,2147483624,0)
INSERT INTO LOBS VALUES(22,1,0,23)
COMMIT
INSERT INTO PARTS VALUES(1,0,0,5510,1887,23)
COMMIT
INSERT INTO LOB_IDS VALUES(24,58,0,30)
ALTER SEQUENCE SYSTEM_LOBS.LOB_ID RESTART WITH 25
COMMIT
DELETE FROM BLOCKS WHERE BLOCK_ADDR=23
INSERT INTO BLOCKS VALUES(24,2147483623,0)
INSERT INTO LOBS VALUES(23,1,0,24)
COMMIT
INSERT INTO PARTS VALUES(1,0,0,58,63,24)
COMMIT
INSERT INTO LOB_IDS VALUES(25,5510,0,30)
ALTER SEQUENCE SYSTEM_LOBS.LOB_ID RESTART WITH 26
COMMIT
DELETE FROM BLOCKS WHERE BLOCK_ADDR=24
INSERT INTO BLOCKS VALUES(25,2147483622,0)
INSERT INTO LOBS VALUES(24,1,0,25)
COMMIT
INSERT INTO PARTS VALUES(1,0,0,5510,1887,25)
COMMIT
INSERT INTO LOB_IDS VALUES(26,5510,0,30)
ALTER SEQUENCE SYSTEM_LOBS.LOB_ID RESTART WITH 27
COMMIT
DELETE FROM BLOCKS WHERE BLOCK_ADDR=25
INSERT INTO BLOCKS VALUES(26,2147483621,0)
INSERT INTO LOBS VALUES(25,1,0,26)
COMMIT
INSERT INTO PARTS VALUES(1,0,0,5510,1887,26)
COMMIT
INSERT INTO LOB_IDS VALUES(27,771,0,30)
ALTER SEQUENCE SYSTEM_LOBS.LOB_ID RESTART WITH 28
COMMIT
DELETE FROM BLOCKS WHERE BLOCK_ADDR=26
INSERT INTO BLOCKS VALUES(27,2147483620,0)
INSERT INTO LOBS VALUES(26,1,0,27)
COMMIT
INSERT INTO PARTS VALUES(1,0,0,771,414,27)
COMMIT
INSERT INTO LOB_IDS VALUES(28,5510,0,30)
ALTER SEQUENCE SYSTEM_LOBS.LOB_ID RESTART WITH 29
COMMIT
DELETE FROM BLOCKS WHERE BLOCK_ADDR=27
INSERT INTO BLOCKS VALUES(28,2147483619,0)
INSERT INTO LOBS VALUES(27,1,0,28)
COMMIT
INSERT INTO PARTS VALUES(1,0,0,5510,1887,28)
COMMIT
INSERT INTO LOB_IDS VALUES(29,5510,0,30)
ALTER SEQUENCE SYSTEM_LOBS.LOB_ID RESTART WITH 30
COMMIT
DELETE FROM BLOCKS WHERE BLOCK_ADDR=28
INSERT INTO BLOCKS VALUES(29,2147483618,0)
INSERT INTO LOBS VALUES(28,1,0,29)
COMMIT
INSERT INTO PARTS VALUES(1,0,0,5510,1887,29)
COMMIT
INSERT INTO LOB_IDS VALUES(30,579,0,30)
ALTER SEQUENCE SYSTEM_LOBS.LOB_ID RESTART WITH 31
COMMIT
DELETE FROM BLOCKS WHERE BLOCK_ADDR=29
INSERT INTO BLOCKS VALUES(30,2147483617,0)
INSERT INTO LOBS VALUES(29,1,0,30)
COMMIT
INSERT INTO PARTS VALUES(1,0,0,579,363,30)
COMMIT
INSERT INTO LOB_IDS VALUES(31,5510,0,30)
ALTER SEQUENCE SYSTEM_LOBS.LOB_ID RESTART WITH 32
COMMIT
DELETE FROM BLOCKS WHERE BLOCK_ADDR=30
INSERT INTO BLOCKS VALUES(31,2147483616,0)
INSERT INTO LOBS VALUES(30,1,0,31)
COMMIT
INSERT INTO PARTS VALUES(1,0,0,5510,1887,31)
COMMIT
INSERT INTO LOB_IDS VALUES(32,5510,0,30)
ALTER SEQUENCE SYSTEM_LOBS.LOB_ID RESTART WITH 33
COMMIT
DELETE FROM BLOCKS WHERE BLOCK_ADDR=31
INSERT INTO BLOCKS VALUES(32,2147483615,0)
INSERT INTO LOBS VALUES(31,1,0,32)
COMMIT
INSERT INTO PARTS VALUES(1,0,0,5510,1887,32)
COMMIT
INSERT INTO LOB_IDS VALUES(33,331,0,30)
ALTER SEQUENCE SYSTEM_LOBS.LOB_ID RESTART WITH 34
COMMIT
DELETE FROM BLOCKS WHERE BLOCK_ADDR=32
INSERT INTO BLOCKS VALUES(33,2147483614,0)
INSERT INTO LOBS VALUES(32,1,0,33)
COMMIT
INSERT INTO PARTS VALUES(1,0,0,331,244,33)
COMMIT
INSERT INTO LOB_IDS VALUES(34,5510,0,30)
ALTER SEQUENCE SYSTEM_LOBS.LOB_ID RESTART WITH 35
COMMIT
DELETE FROM BLOCKS WHERE BLOCK_ADDR=33
INSERT INTO BLOCKS VALUES(34,2147483613,0)
INSERT INTO LOBS VALUES(33,1,0,34)
COMMIT
INSERT INTO PARTS VALUES(1,0,0,5510,1887,34)
COMMIT
INSERT INTO LOB_IDS VALUES(35,5510,0,30)
ALTER SEQUENCE SYSTEM_LOBS.LOB_ID RESTART WITH 36
COMMIT
DELETE FROM BLOCKS WHERE BLOCK_ADDR=34
INSERT INTO BLOCKS VALUES(35,2147483612,0)
INSERT INTO LOBS VALUES(34,1,0,35)
COMMIT
INSERT INTO PARTS VALUES(1,0,0,5510,1887,35)
COMMIT
INSERT INTO LOB_IDS VALUES(36,5510,0,30)
ALTER SEQUENCE SYSTEM_LOBS.LOB_ID RESTART WITH 37
COMMIT
DELETE FROM BLOCKS WHERE BLOCK_ADDR=35
INSERT INTO BLOCKS VALUES(36,2147483611,0)
INSERT INTO LOBS VALUES(35,1,0,36)
COMMIT
INSERT INTO PARTS VALUES(1,0,0,5510,1887,36)
COMMIT
INSERT INTO LOB_IDS VALUES(37,5510,0,30)
ALTER SEQUENCE SYSTEM_LOBS.LOB_ID RESTART WITH 38
COMMIT
DELETE FROM BLOCKS WHERE BLOCK_ADDR=36
INSERT INTO BLOCKS VALUES(37,2147483610,0)
INSERT INTO LOBS VALUES(36,1,0,37)
COMMIT
INSERT INTO PARTS VALUES(1,0,0,5510,1887,37)
COMMIT
INSERT INTO LOB_IDS VALUES(38,71,0,30)
ALTER SEQUENCE SYSTEM_LOBS.LOB_ID RESTART WITH 39
COMMIT
DELETE FROM BLOCKS WHERE BLOCK_ADDR=37
INSERT INTO BLOCKS VALUES(38,2147483609,0)
INSERT INTO LOBS VALUES(37,1,0,38)
COMMIT
INSERT INTO PARTS VALUES(1,0,0,71,74,38)
COMMIT
INSERT INTO LOB_IDS VALUES(39,58,0,30)
ALTER SEQUENCE SYSTEM_LOBS.LOB_ID RESTART WITH 40
COMMIT
DELETE FROM BLOCKS WHERE BLOCK_ADDR=38
INSERT INTO BLOCKS VALUES(39,2147483608,0)
INSERT INTO LOBS VALUES(38,1,0,39)
COMMIT
INSERT INTO PARTS VALUES(1,0,0,58,63,39)
COMMIT
INSERT INTO LOB_IDS VALUES(40,71,0,30)
ALTER SEQUENCE SYSTEM_LOBS.LOB_ID RESTART WITH 41
COMMIT
DELETE FROM BLOCKS WHERE BLOCK_ADDR=39
INSERT INTO BLOCKS VALUES(40,2147483607,0)
INSERT INTO LOBS VALUES(39,1,0,40)
COMMIT
INSERT INTO PARTS VALUES(1,0,0,71,74,40)
COMMIT
INSERT INTO LOB_IDS VALUES(41,221,0,30)
ALTER SEQUENCE SYSTEM_LOBS.LOB_ID RESTART WITH 42
COMMIT
DELETE FROM BLOCKS WHERE BLOCK_ADDR=40
INSERT INTO BLOCKS VALUES(41,2147483606,0)
INSERT INTO LOBS VALUES(40,1,0,41)
COMMIT
INSERT INTO PARTS VALUES(1,0,0,221,201,41)
COMMIT
INSERT INTO LOB_IDS VALUES(42,71,0,30)
ALTER SEQUENCE SYSTEM_LOBS.LOB_ID RESTART WITH 43
COMMIT
DELETE FROM BLOCKS WHERE BLOCK_ADDR=41
INSERT INTO BLOCKS VALUES(42,2147483605,0)
INSERT INTO LOBS VALUES(41,1,0,42)
COMMIT
INSERT INTO PARTS VALUES(1,0,0,71,74,42)
COMMIT
INSERT INTO LOB_IDS VALUES(43,221,0,30)
ALTER SEQUENCE SYSTEM_LOBS.LOB_ID RESTART WITH 44
COMMIT
DELETE FROM BLOCKS WHERE BLOCK_ADDR=42
INSERT INTO BLOCKS VALUES(43,2147483604,0)
INSERT INTO LOBS VALUES(42,1,0,43)
COMMIT
INSERT INTO PARTS VALUES(1,0,0,221,200,43)
COMMIT
INSERT INTO LOB_IDS VALUES(44,176,0,30)
ALTER SEQUENCE SYSTEM_LOBS.LOB_ID RESTART WITH 45
COMMIT
DELETE FROM BLOCKS WHERE BLOCK_ADDR=43
INSERT INTO BLOCKS VALUES(44,2147483603,0)
INSERT INTO LOBS VALUES(43,1,0,44)
COMMIT
INSERT INTO PARTS VALUES(1,0,0,176,159,44)
COMMIT
INSERT INTO LOB_IDS VALUES(45,221,0,30)
ALTER SEQUENCE SYSTEM_LOBS.LOB_ID RESTART WITH 46
COMMIT
DELETE FROM BLOCKS WHERE BLOCK_ADDR=44
INSERT INTO BLOCKS VALUES(45,2147483602,0)
INSERT INTO LOBS VALUES(44,1,0,45)
COMMIT
INSERT INTO PARTS VALUES(1,0,0,221,202,45)
COMMIT
INSERT INTO LOB_IDS VALUES(46,5510,0,30)
ALTER SEQUENCE SYSTEM_LOBS.LOB_ID RESTART WITH 47
COMMIT
DELETE FROM BLOCKS WHERE BLOCK_ADDR=45
INSERT INTO BLOCKS VALUES(46,2147483601,0)
INSERT INTO LOBS VALUES(45,1,0,46)
COMMIT
INSERT INTO PARTS VALUES(1,0,0,5510,1887,46)
COMMIT
/*C3*/INSERT INTO O_USER VALUES(-1,'g9eIXEMT8tqTc4Aul3cqlFuSVrGdR6rVnuirJ1Jt',1,'no email',NULL,2,'OneDev','no password',3,NULL,'4f576dbe-5942-4fd1-a500-0f3c053cf35d',4,5,6,7,8,9,10)
INSERT INTO O_SETTING VALUES(1,11,11)
INSERT INTO O_SETTING VALUES(2,3,12)
INSERT INTO O_SETTING VALUES(4,4,NULL)
INSERT INTO O_SETTING VALUES(5,6,18)
INSERT INTO O_SETTING VALUES(6,12,21)
INSERT INTO O_SETTING VALUES(7,7,24)
INSERT INTO O_SETTING VALUES(8,8,27)
INSERT INTO O_SETTING VALUES(9,9,30)
INSERT INTO O_SETTING VALUES(10,10,33)
INSERT INTO O_SETTING VALUES(11,1,NULL)
INSERT INTO O_SETTING VALUES(12,2,NULL)
INSERT INTO O_ROLE VALUES(1,0,38,39,FALSE,FALSE,FALSE,TRUE,FALSE,'Project Owner',FALSE)
INSERT INTO O_ROLE VALUES(2,2,40,41,FALSE,FALSE,FALSE,FALSE,FALSE,'Code Writer',TRUE)
INSERT INTO O_ROLE VALUES(3,1,42,43,FALSE,FALSE,FALSE,FALSE,FALSE,'Code Reader',TRUE)
INSERT INTO O_ROLE VALUES(4,0,44,45,FALSE,FALSE,FALSE,FALSE,FALSE,'Issue Reporter',FALSE)
INSERT INTO O_SETTING VALUES(3,5,46)
SET SCHEMA SYSTEM_LOBS
DELETE FROM LOB_IDS WHERE LOB_ID=1
INSERT INTO LOB_IDS VALUES(1,91,1,30)
DELETE FROM LOB_IDS WHERE LOB_ID=2
INSERT INTO LOB_IDS VALUES(2,135,1,30)
DELETE FROM LOB_IDS WHERE LOB_ID=3
INSERT INTO LOB_IDS VALUES(3,135,1,30)
DELETE FROM LOB_IDS WHERE LOB_ID=4
INSERT INTO LOB_IDS VALUES(4,58,1,30)
DELETE FROM LOB_IDS WHERE LOB_ID=5
INSERT INTO LOB_IDS VALUES(5,91,1,30)
DELETE FROM LOB_IDS WHERE LOB_ID=6
INSERT INTO LOB_IDS VALUES(6,58,1,30)
DELETE FROM LOB_IDS WHERE LOB_ID=7
INSERT INTO LOB_IDS VALUES(7,135,1,30)
DELETE FROM LOB_IDS WHERE LOB_ID=8
INSERT INTO LOB_IDS VALUES(8,58,1,30)
DELETE FROM LOB_IDS WHERE LOB_ID=9
INSERT INTO LOB_IDS VALUES(9,58,1,30)
DELETE FROM LOB_IDS WHERE LOB_ID=10
INSERT INTO LOB_IDS VALUES(10,135,1,30)
DELETE FROM LOB_IDS WHERE LOB_ID=11
INSERT INTO LOB_IDS VALUES(11,3440,1,30)
DELETE FROM LOB_IDS WHERE LOB_ID=12
INSERT INTO LOB_IDS VALUES(12,168,1,30)
DELETE FROM LOB_IDS WHERE LOB_ID=18
INSERT INTO LOB_IDS VALUES(18,336,1,30)
DELETE FROM LOB_IDS WHERE LOB_ID=21
INSERT INTO LOB_IDS VALUES(21,58,1,30)
DELETE FROM LOB_IDS WHERE LOB_ID=24
INSERT INTO LOB_IDS VALUES(24,58,1,30)
DELETE FROM LOB_IDS WHERE LOB_ID=27
INSERT INTO LOB_IDS VALUES(27,771,1,30)
DELETE FROM LOB_IDS WHERE LOB_ID=30
INSERT INTO LOB_IDS VALUES(30,579,1,30)
DELETE FROM LOB_IDS WHERE LOB_ID=33
INSERT INTO LOB_IDS VALUES(33,331,1,30)
DELETE FROM LOB_IDS WHERE LOB_ID=38
INSERT INTO LOB_IDS VALUES(38,71,1,30)
DELETE FROM LOB_IDS WHERE LOB_ID=39
INSERT INTO LOB_IDS VALUES(39,58,1,30)
DELETE FROM LOB_IDS WHERE LOB_ID=40
INSERT INTO LOB_IDS VALUES(40,71,1,30)
DELETE FROM LOB_IDS WHERE LOB_ID=41
INSERT INTO LOB_IDS VALUES(41,221,1,30)
DELETE FROM LOB_IDS WHERE LOB_ID=42
INSERT INTO LOB_IDS VALUES(42,71,1,30)
DELETE FROM LOB_IDS WHERE LOB_ID=43
INSERT INTO LOB_IDS VALUES(43,221,1,30)
DELETE FROM LOB_IDS WHERE LOB_ID=44
INSERT INTO LOB_IDS VALUES(44,176,1,30)
DELETE FROM LOB_IDS WHERE LOB_ID=45
INSERT INTO LOB_IDS VALUES(45,221,1,30)
DELETE FROM LOB_IDS WHERE LOB_ID=46
INSERT INTO LOB_IDS VALUES(46,5510,1,30)
COMMIT
/*C7*/SET SCHEMA PUBLIC
DISCONNECT
/*C6*/SET SCHEMA PUBLIC
DISCONNECT
/*C4*/SET SCHEMA PUBLIC
DISCONNECT
/*C16*/SET SCHEMA PUBLIC
DISCONNECT
/*C10*/SET SCHEMA PUBLIC
DISCONNECT
/*C15*/SET SCHEMA PUBLIC
DISCONNECT
/*C18*/SET SCHEMA PUBLIC
DISCONNECT
/*C25*/SET SCHEMA PUBLIC
DISCONNECT
/*C14*/SET SCHEMA PUBLIC
DISCONNECT
/*C22*/SET SCHEMA PUBLIC
DISCONNECT
/*C3*/SET SCHEMA PUBLIC
DISCONNECT
/*C20*/SET SCHEMA PUBLIC
DISCONNECT
/*C11*/SET SCHEMA PUBLIC
DISCONNECT
/*C5*/SET SCHEMA PUBLIC
DISCONNECT
/*C8*/SET SCHEMA PUBLIC
DISCONNECT
/*C23*/SET SCHEMA PUBLIC
DISCONNECT
/*C17*/SET SCHEMA PUBLIC
DISCONNECT
/*C27*/SET SCHEMA PUBLIC
DISCONNECT
/*C13*/SET SCHEMA PUBLIC
DISCONNECT
/*C9*/SET SCHEMA PUBLIC
DISCONNECT
/*C26*/SET SCHEMA PUBLIC
DISCONNECT
/*C12*/SET SCHEMA PUBLIC
DISCONNECT
/*C21*/SET SCHEMA PUBLIC
DISCONNECT
/*C19*/SET SCHEMA PUBLIC
DISCONNECT
/*C24*/SET SCHEMA PUBLIC
DISCONNECT
/*C38*/SET SCHEMA PUBLIC
DISCONNECT
/*C37*/SET SCHEMA PUBLIC
DISCONNECT
/*C39*/SET SCHEMA PUBLIC
DISCONNECT
/*C32*/SET SCHEMA PUBLIC
DISCONNECT
/*C33*/SET SCHEMA PUBLIC
DISCONNECT
/*C36*/SET SCHEMA PUBLIC
DISCONNECT
/*C35*/SET SCHEMA PUBLIC
DISCONNECT
/*C30*/SET SCHEMA PUBLIC
DISCONNECT
/*C42*/SET SCHEMA PUBLIC
DISCONNECT
/*C34*/SET SCHEMA PUBLIC
DISCONNECT
/*C52*/SET SCHEMA PUBLIC
DISCONNECT
/*C41*/SET SCHEMA PUBLIC
DISCONNECT
/*C46*/SET SCHEMA PUBLIC
DISCONNECT
/*C31*/SET SCHEMA PUBLIC
DISCONNECT
/*C40*/SET SCHEMA PUBLIC
DISCONNECT
/*C29*/SET SCHEMA PUBLIC
DISCONNECT
/*C45*/SET SCHEMA PUBLIC
DISCONNECT
/*C51*/SET SCHEMA PUBLIC
DISCONNECT
/*C43*/SET SCHEMA PUBLIC
DISCONNECT
/*C44*/SET SCHEMA PUBLIC
DISCONNECT
/*C48*/SET SCHEMA PUBLIC
DISCONNECT
/*C53*/SET SCHEMA PUBLIC
DISCONNECT
/*C50*/SET SCHEMA PUBLIC
DISCONNECT
/*C49*/SET SCHEMA PUBLIC
DISCONNECT
/*C47*/SET SCHEMA PUBLIC
DISCONNECT
/*C54*/SET SCHEMA PUBLIC
DISCONNECT
/*C55*/SET SCHEMA PUBLIC
DISCONNECT
/*C57*/SET SCHEMA PUBLIC
DISCONNECT
/*C58*/SET SCHEMA PUBLIC
DISCONNECT
/*C56*/SET SCHEMA PUBLIC
DISCONNECT
/*C64*/SET SCHEMA PUBLIC
DISCONNECT
/*C60*/SET SCHEMA PUBLIC
DISCONNECT
/*C59*/SET SCHEMA PUBLIC
DISCONNECT
/*C63*/SET SCHEMA PUBLIC
DISCONNECT
/*C66*/SET SCHEMA PUBLIC
DISCONNECT
/*C62*/SET SCHEMA PUBLIC
DISCONNECT
/*C61*/SET SCHEMA PUBLIC
DISCONNECT
/*C65*/SET SCHEMA PUBLIC
DISCONNECT
/*C69*/SET SCHEMA PUBLIC
DISCONNECT
/*C68*/SET SCHEMA PUBLIC
DISCONNECT
/*C72*/SET SCHEMA PUBLIC
DISCONNECT
/*C67*/SET SCHEMA PUBLIC
DISCONNECT
/*C77*/SET SCHEMA PUBLIC
DISCONNECT
/*C73*/SET SCHEMA PUBLIC
DISCONNECT
/*C76*/SET SCHEMA PUBLIC
DISCONNECT
/*C70*/SET SCHEMA PUBLIC
DISCONNECT
/*C74*/SET SCHEMA PUBLIC
DISCONNECT
/*C75*/SET SCHEMA PUBLIC
DISCONNECT
/*C71*/SET SCHEMA PUBLIC
DISCONNECT
/*C78*/SET SCHEMA PUBLIC
DISCONNECT
/*C85*/SET SCHEMA PUBLIC
DISCONNECT
/*C83*/SET SCHEMA PUBLIC
DISCONNECT
/*C80*/SET SCHEMA PUBLIC
DISCONNECT
/*C84*/SET SCHEMA PUBLIC
DISCONNECT
/*C81*/SET SCHEMA PUBLIC
DISCONNECT
/*C79*/SET SCHEMA PUBLIC
DISCONNECT
/*C92*/SET SCHEMA PUBLIC
DISCONNECT
/*C90*/SET SCHEMA PUBLIC
DISCONNECT
/*C93*/SET SCHEMA PUBLIC
DISCONNECT
/*C82*/SET SCHEMA PUBLIC
DISCONNECT
/*C88*/SET SCHEMA PUBLIC
DISCONNECT
/*C86*/SET SCHEMA PUBLIC
DISCONNECT
/*C94*/SET SCHEMA PUBLIC
DISCONNECT
/*C89*/SET SCHEMA PUBLIC
DISCONNECT
/*C91*/SET SCHEMA PUBLIC
DISCONNECT
/*C95*/SET SCHEMA PUBLIC
DISCONNECT
/*C98*/SET SCHEMA PUBLIC
DISCONNECT
/*C87*/SET SCHEMA PUBLIC
DISCONNECT
/*C99*/SET SCHEMA PUBLIC
DISCONNECT
/*C97*/SET SCHEMA PUBLIC
DISCONNECT
/*C100*/SET SCHEMA PUBLIC
DISCONNECT
/*C96*/SET SCHEMA PUBLIC
DISCONNECT
/*C101*/SET SCHEMA PUBLIC
DISCONNECT
/*C102*/SET SCHEMA PUBLIC
DISCONNECT
/*C103*/SET SCHEMA PUBLIC
DISCONNECT
/*C106*/SET SCHEMA PUBLIC
DISCONNECT
/*C105*/SET SCHEMA PUBLIC
DISCONNECT
/*C104*/SET SCHEMA PUBLIC
DISCONNECT
/*C108*/SET SCHEMA PUBLIC
DISCONNECT
/*C107*/SET SCHEMA PUBLIC
DISCONNECT
/*C112*/SET SCHEMA PUBLIC
DISCONNECT
/*C111*/SET SCHEMA PUBLIC
DISCONNECT
/*C109*/SET SCHEMA PUBLIC
DISCONNECT
/*C113*/SET SCHEMA PUBLIC
DISCONNECT
/*C114*/SET SCHEMA PUBLIC
DISCONNECT
/*C120*/SET SCHEMA PUBLIC
DISCONNECT
/*C110*/SET SCHEMA PUBLIC
DISCONNECT
/*C117*/SET SCHEMA PUBLIC
DISCONNECT
/*C115*/SET SCHEMA PUBLIC
DISCONNECT
/*C116*/SET SCHEMA PUBLIC
DISCONNECT
/*C118*/SET SCHEMA PUBLIC
DISCONNECT
/*C119*/SET SCHEMA PUBLIC
DISCONNECT
/*C122*/SET SCHEMA PUBLIC
DISCONNECT
/*C123*/SET SCHEMA PUBLIC
DISCONNECT
/*C124*/SET SCHEMA PUBLIC
DISCONNECT
/*C121*/SET SCHEMA PUBLIC
DISCONNECT
/*C125*/SET SCHEMA PUBLIC
DISCONNECT
/*C128*/SET SCHEMA PUBLIC
DISCONNECT
/*C127*/SET SCHEMA PUBLIC
DISCONNECT
/*C126*/SET SCHEMA PUBLIC
DISCONNECT
/*C132*/SET SCHEMA PUBLIC
DISCONNECT
/*C131*/SET SCHEMA PUBLIC
DISCONNECT
/*C129*/SET SCHEMA PUBLIC
DISCONNECT
/*C133*/SET SCHEMA PUBLIC
DISCONNECT
/*C130*/SET SCHEMA PUBLIC
DISCONNECT
/*C134*/SET SCHEMA PUBLIC
DISCONNECT
/*C137*/SET SCHEMA PUBLIC
DISCONNECT
/*C138*/SET SCHEMA PUBLIC
DISCONNECT
/*C135*/SET SCHEMA PUBLIC
DISCONNECT
/*C140*/SET SCHEMA PUBLIC
DISCONNECT
/*C142*/SET SCHEMA PUBLIC
DISCONNECT
/*C139*/SET SCHEMA PUBLIC
DISCONNECT
/*C141*/SET SCHEMA PUBLIC
DISCONNECT
/*C144*/SET SCHEMA PUBLIC
DISCONNECT
/*C136*/SET SCHEMA PUBLIC
DISCONNECT
/*C143*/SET SCHEMA PUBLIC
DISCONNECT
/*C145*/SET SCHEMA PUBLIC
DISCONNECT
/*C146*/SET SCHEMA PUBLIC
DISCONNECT
/*C149*/SET SCHEMA PUBLIC
DISCONNECT
/*C147*/SET SCHEMA PUBLIC
DISCONNECT
/*C150*/SET SCHEMA PUBLIC
DISCONNECT
/*C153*/SET SCHEMA PUBLIC
DISCONNECT
/*C148*/SET SCHEMA PUBLIC
DISCONNECT
/*C151*/SET SCHEMA PUBLIC
DISCONNECT
/*C152*/SET SCHEMA PUBLIC
DISCONNECT
/*C157*/SET SCHEMA PUBLIC
DISCONNECT
/*C154*/SET SCHEMA PUBLIC
DISCONNECT
/*C158*/SET SCHEMA PUBLIC
DISCONNECT
/*C156*/SET SCHEMA PUBLIC
DISCONNECT
/*C155*/SET SCHEMA PUBLIC
DISCONNECT
/*C159*/SET SCHEMA PUBLIC
DISCONNECT
/*C162*/SET SCHEMA PUBLIC
DISCONNECT
/*C161*/SET SCHEMA PUBLIC
DISCONNECT
/*C163*/SET SCHEMA PUBLIC
DISCONNECT
/*C160*/SET SCHEMA PUBLIC
DISCONNECT
/*C166*/SET SCHEMA PUBLIC
DISCONNECT
/*C167*/SET SCHEMA PUBLIC
DISCONNECT
/*C165*/SET SCHEMA PUBLIC
DISCONNECT
/*C171*/SET SCHEMA PUBLIC
DISCONNECT
/*C168*/SET SCHEMA PUBLIC
DISCONNECT
/*C164*/SET SCHEMA PUBLIC
DISCONNECT
/*C172*/SET SCHEMA PUBLIC
DISCONNECT
/*C169*/SET SCHEMA PUBLIC
DISCONNECT
/*C173*/SET SCHEMA PUBLIC
DISCONNECT
/*C170*/SET SCHEMA PUBLIC
DISCONNECT
/*C174*/SET SCHEMA PUBLIC
DISCONNECT
/*C176*/SET SCHEMA PUBLIC
DISCONNECT
/*C175*/SET SCHEMA PUBLIC
DISCONNECT
/*C177*/SET SCHEMA PUBLIC
DISCONNECT
/*C178*/SET SCHEMA PUBLIC
DISCONNECT
