2021-02-03 20:58:15,404 INFO  [main] i.o.c.launcher.bootstrap.Bootstrap Launching application from '/Users/kimluu/OneDrive - polymtl.ca/Polytechnique/H2021/LOG8371/onedev/server-product/target/sandbox'...
2021-02-03 20:58:15,491 INFO  [main] i.o.c.launcher.loader.AppLoader Initializing dependency injection container...
2021-02-03 20:58:17,469 INFO  [main] i.o.c.launcher.loader.AppLoader Starting plugin manager...
2021-02-03 20:58:25,294 WARN  [main] io.onedev.server.OneDev Please set up the server at http://192.168.1.36:6610
2021-02-03 21:04:06,812 WARN  [HikariPool-1 housekeeper] com.zaxxer.hikari.pool.HikariPool HikariPool-1 - Thread starvation or clock leap detected (housekeeper delta=1m16s746ms).
2021-02-03 21:05:12,979 WARN  [HikariPool-1 housekeeper] com.zaxxer.hikari.pool.HikariPool HikariPool-1 - Thread starvation or clock leap detected (housekeeper delta=1m6s167ms).
2021-02-03 21:06:12,746 WARN  [HikariPool-1 housekeeper] com.zaxxer.hikari.pool.HikariPool HikariPool-1 - Thread starvation or clock leap detected (housekeeper delta=59s767ms).
2021-02-03 21:22:12,232 WARN  [HikariPool-1 housekeeper] com.zaxxer.hikari.pool.HikariPool HikariPool-1 - Thread starvation or clock leap detected (housekeeper delta=45s857ms).
2021-02-03 21:29:38,647 WARN  [HikariPool-1 housekeeper] com.zaxxer.hikari.pool.HikariPool HikariPool-1 - Thread starvation or clock leap detected (housekeeper delta=47s478ms).
2021-02-03 21:50:56,040 WARN  [HikariPool-1 housekeeper] com.zaxxer.hikari.pool.HikariPool HikariPool-1 - Thread starvation or clock leap detected (housekeeper delta=45s142ms).
2021-02-03 22:12:29,396 WARN  [HikariPool-1 housekeeper] com.zaxxer.hikari.pool.HikariPool HikariPool-1 - Thread starvation or clock leap detected (housekeeper delta=48s275ms).
2021-02-03 22:38:19,324 WARN  [HikariPool-1 housekeeper] com.zaxxer.hikari.pool.HikariPool HikariPool-1 - Thread starvation or clock leap detected (housekeeper delta=48s442ms).
2021-02-03 22:44:16,329 WARN  [HikariPool-1 housekeeper] com.zaxxer.hikari.pool.HikariPool HikariPool-1 - Thread starvation or clock leap detected (housekeeper delta=45s468ms).
2021-02-03 22:47:20,048 WARN  [HikariPool-1 housekeeper] com.zaxxer.hikari.pool.HikariPool HikariPool-1 - Thread starvation or clock leap detected (housekeeper delta=45s515ms).
2021-02-03 22:51:42,799 WARN  [HikariPool-1 housekeeper] com.zaxxer.hikari.pool.HikariPool HikariPool-1 - Thread starvation or clock leap detected (housekeeper delta=45s830ms).
2021-02-03 22:53:07,799 WARN  [HikariPool-1 housekeeper] com.zaxxer.hikari.pool.HikariPool HikariPool-1 - Thread starvation or clock leap detected (housekeeper delta=45s477ms).
2021-02-03 23:11:04,534 WARN  [HikariPool-1 housekeeper] com.zaxxer.hikari.pool.HikariPool HikariPool-1 - Thread starvation or clock leap detected (housekeeper delta=46s108ms).
2021-02-03 23:15:17,724 WARN  [HikariPool-1 housekeeper] com.zaxxer.hikari.pool.HikariPool HikariPool-1 - Thread starvation or clock leap detected (housekeeper delta=48s786ms).
2021-02-03 23:40:09,943 WARN  [HikariPool-1 housekeeper] com.zaxxer.hikari.pool.HikariPool HikariPool-1 - Thread starvation or clock leap detected (housekeeper delta=46s963ms).
2021-02-03 23:43:11,632 WARN  [HikariPool-1 housekeeper] com.zaxxer.hikari.pool.HikariPool HikariPool-1 - Thread starvation or clock leap detected (housekeeper delta=47s16ms).
2021-02-04 00:04:11,202 WARN  [HikariPool-1 housekeeper] com.zaxxer.hikari.pool.HikariPool HikariPool-1 - Thread starvation or clock leap detected (housekeeper delta=50s636ms).
2021-02-04 00:34:57,736 WARN  [HikariPool-1 housekeeper] com.zaxxer.hikari.pool.HikariPool HikariPool-1 - Thread starvation or clock leap detected (housekeeper delta=45s772ms).
